[2026-07-22 18:54:26] [ERROR] [Parse Error] parse error, expecting `')'' | File: unknown:0 | Context: Array
(
    [errno] => 4
    [file] => C:\xampp\htdocs\Gereja-Katolik-Indonesia\app\views\admin\gereja\index.php
    [line] => 160
)

[2026-07-22 20:29:22] [ERROR] SQLSTATE[42S22]: Column not found: 1054 Unknown column 'slug' in 'where clause' | File: C:\xampp\htdocs\Gereja-Katolik-Indonesia\app\core\App.php:255 | Context: Array
(
    [exception_class] => PDOException
    [file] => C:\xampp\htdocs\Gereja-Katolik-Indonesia\app\models\ModelGereja.php
    [line] => 14
    [trace] => #0 C:\xampp\htdocs\Gereja-Katolik-Indonesia\app\models\ModelGereja.php(14): PDOStatement->execute(Array)
#1 C:\xampp\htdocs\Gereja-Katolik-Indonesia\app\controllers\GerejaController.php(14): ModelGereja->findBySlug('1')
#2 C:\xampp\htdocs\Gereja-Katolik-Indonesia\app\core\App.php(238): GerejaController->detail('1')
#3 C:\xampp\htdocs\Gereja-Katolik-Indonesia\public\index.php(11): App->run(Array, Array)
#4 {main}
)

[2026-07-22 20:29:24] [ERROR] SQLSTATE[42S22]: Column not found: 1054 Unknown column 'slug' in 'where clause' | File: C:\xampp\htdocs\Gereja-Katolik-Indonesia\app\core\App.php:255 | Context: Array
(
    [exception_class] => PDOException
    [file] => C:\xampp\htdocs\Gereja-Katolik-Indonesia\app\models\ModelGereja.php
    [line] => 14
    [trace] => #0 C:\xampp\htdocs\Gereja-Katolik-Indonesia\app\models\ModelGereja.php(14): PDOStatement->execute(Array)
#1 C:\xampp\htdocs\Gereja-Katolik-Indonesia\app\controllers\GerejaController.php(14): ModelGereja->findBySlug('1')
#2 C:\xampp\htdocs\Gereja-Katolik-Indonesia\app\core\App.php(238): GerejaController->detail('1')
#3 C:\xampp\htdocs\Gereja-Katolik-Indonesia\public\index.php(11): App->run(Array, Array)
#4 {main}
)

[2026-07-22 21:01:26] [ERROR] SQLSTATE[42S02]: Base table or view not found: 1146 Table 'db_gereja.gereja_social_media' doesn't exist | File: C:\xampp\htdocs\Gereja-Katolik-Indonesia\app\core\App.php:255 | Context: Array
(
    [exception_class] => PDOException
    [file] => C:\xampp\htdocs\Gereja-Katolik-Indonesia\app\core\Model.php
    [line] => 539
    [trace] => #0 C:\xampp\htdocs\Gereja-Katolik-Indonesia\app\core\Model.php(539): PDOStatement->execute()
#1 C:\xampp\htdocs\Gereja-Katolik-Indonesia\app\models\ModelGerejaSocialMedia.php(14): Model->rawQuery('SELECT * FROM g...', Array)
#2 C:\xampp\htdocs\Gereja-Katolik-Indonesia\app\controllers\AdminGerejaController.php(33): ModelGerejaSocialMedia->getByGereja('6')
#3 C:\xampp\htdocs\Gereja-Katolik-Indonesia\app\core\App.php(238): AdminGerejaController->index()
#4 C:\xampp\htdocs\Gereja-Katolik-Indonesia\public\index.php(11): App->run(Array, Array)
#5 {main}
)

[2026-07-22 21:02:23] [ERROR] SQLSTATE[42S02]: Base table or view not found: 1146 Table 'db_gereja.gereja_social_media' doesn't exist | File: C:\xampp\htdocs\Gereja-Katolik-Indonesia\app\core\App.php:255 | Context: Array
(
    [exception_class] => PDOException
    [file] => C:\xampp\htdocs\Gereja-Katolik-Indonesia\app\core\Model.php
    [line] => 539
    [trace] => #0 C:\xampp\htdocs\Gereja-Katolik-Indonesia\app\core\Model.php(539): PDOStatement->execute()
#1 C:\xampp\htdocs\Gereja-Katolik-Indonesia\app\models\ModelGerejaSocialMedia.php(14): Model->rawQuery('SELECT * FROM g...', Array)
#2 C:\xampp\htdocs\Gereja-Katolik-Indonesia\app\controllers\AdminGerejaController.php(33): ModelGerejaSocialMedia->getByGereja('6')
#3 C:\xampp\htdocs\Gereja-Katolik-Indonesia\app\core\App.php(238): AdminGerejaController->index()
#4 C:\xampp\htdocs\Gereja-Katolik-Indonesia\public\index.php(11): App->run(Array, Array)
#5 {main}
)

[2026-07-22 22:49:50] [ERROR] [Warning] json_encode() expects exactly 1 parameter, 2 given | File: unknown:0 | Context: Array
(
    [errno] => 2
    [file] => C:\xampp\htdocs\Gereja-Katolik-Indonesia\app\views\maps\index.php
    [line] => 18
)

[2026-07-22 22:49:52] [ERROR] [Warning] json_encode() expects exactly 1 parameter, 2 given | File: unknown:0 | Context: Array
(
    [errno] => 2
    [file] => C:\xampp\htdocs\Gereja-Katolik-Indonesia\app\views\maps\index.php
    [line] => 18
)

[2026-07-22 22:49:52] [ERROR] [Warning] json_encode() expects exactly 1 parameter, 2 given | File: unknown:0 | Context: Array
(
    [errno] => 2
    [file] => C:\xampp\htdocs\Gereja-Katolik-Indonesia\app\views\maps\index.php
    [line] => 18
)

[2026-07-22 22:49:52] [ERROR] [Warning] json_encode() expects exactly 1 parameter, 2 given | File: unknown:0 | Context: Array
(
    [errno] => 2
    [file] => C:\xampp\htdocs\Gereja-Katolik-Indonesia\app\views\maps\index.php
    [line] => 18
)

[2026-07-22 22:49:57] [ERROR] [Warning] json_encode() expects exactly 1 parameter, 2 given | File: unknown:0 | Context: Array
(
    [errno] => 2
    [file] => C:\xampp\htdocs\Gereja-Katolik-Indonesia\app\views\maps\index.php
    [line] => 18
)

[2026-07-22 22:49:58] [ERROR] [Warning] json_encode() expects exactly 1 parameter, 2 given | File: unknown:0 | Context: Array
(
    [errno] => 2
    [file] => C:\xampp\htdocs\Gereja-Katolik-Indonesia\app\views\maps\index.php
    [line] => 18
)

[2026-07-22 22:49:58] [ERROR] [Warning] json_encode() expects exactly 1 parameter, 2 given | File: unknown:0 | Context: Array
(
    [errno] => 2
    [file] => C:\xampp\htdocs\Gereja-Katolik-Indonesia\app\views\maps\index.php
    [line] => 18
)

[2026-07-22 22:49:58] [ERROR] [Warning] json_encode() expects exactly 1 parameter, 2 given | File: unknown:0 | Context: Array
(
    [errno] => 2
    [file] => C:\xampp\htdocs\Gereja-Katolik-Indonesia\app\views\maps\index.php
    [line] => 18
)

